Using pip 26.1.2 from /home/suryansh/queuelock/venv/lib/python3.14/site-packages/pip (python 3.14)
Collecting pydantic==2.9.2
  Obtaining dependency information for pydantic==2.9.2 from https://files.pythonhosted.org/packages/df/e4/ba44652d562cbf0bf320e0f3810206149c8a4e99cdbf66da82e97ab53a15/pydantic-2.9.2-py3-none-any.whl.metadata
  Using cached pydantic-2.9.2-py3-none-any.whl.metadata (149 kB)
Collecting annotated-types>=0.6.0 (from pydantic==2.9.2)
  Obtaining dependency information for annotated-types>=0.6.0 from https://files.pythonhosted.org/packages/78/b6/6307fbef88d9b5ee7421e68d78a9f162e0da4900bc5f5793f6d3d0e34fb8/annotated_types-0.7.0-py3-none-any.whl.metadata
  Using cached annotated_types-0.7.0-py3-none-any.whl.metadata (15 kB)
Collecting pydantic-core==2.23.4 (from pydantic==2.9.2)
  Using cached pydantic_core-2.23.4.tar.gz (402 kB)
  Installing build dependencies: started
  Running command installing build dependencies for pydantic-core
  Using pip 26.1.2 from /home/suryansh/queuelock/venv/lib/python3.14/site-packages/pip (python 3.14)
  Collecting maturin<2,>=1
    Obtaining dependency information for maturin<2,>=1 from https://files.pythonhosted.org/packages/e5/33/b096412bd6a7cb399652b260666f901adf88a687181a6dbd6a3f89f0a94e/maturin-1.14.1-py3-none-manylinux_2_17_aarch64.manylinux2014_aarch64.musllinux_1_1_aarch64.whl.metadata
    Using cached maturin-1.14.1-py3-none-manylinux_2_17_aarch64.manylinux2014_aarch64.musllinux_1_1_aarch64.whl.metadata (16 kB)
  Collecting typing-extensions!=4.7.0,>=4.6.0
    Obtaining dependency information for typing-extensions!=4.7.0,>=4.6.0 from https://files.pythonhosted.org/packages/49/d3/b8441a820a491ddfc024b0b0cf0393375b75ea13866d9c66727e54c2fc80/typing_extensions-4.16.0-py3-none-any.whl.metadata
    Using cached typing_extensions-4.16.0-py3-none-any.whl.metadata (3.3 kB)
  Using cached maturin-1.14.1-py3-none-manylinux_2_17_aarch64.manylinux2014_aarch64.musllinux_1_1_aarch64.whl (10.1 MB)
  Using cached typing_extensions-4.16.0-py3-none-any.whl (45 kB)
  Installing collected packages: typing-extensions, maturin

  Successfully installed maturin-1.14.1 typing-extensions-4.16.0
  Installing build dependencies: finished with status 'done'
  Getting requirements to build wheel: started
  Running command Getting requirements to build wheel
  Getting requirements to build wheel: finished with status 'done'
  Preparing metadata (pyproject.toml): started
  Running command Preparing metadata (pyproject.toml)
  📦 Including license file `LICENSE`
  🍹 Building a mixed python/rust project
  🐍 Found CPython 3.14 at /home/suryansh/queuelock/venv/bin/python3
  🔗 Found pyo3 bindings
  📡 Using build options features, bindings from pyproject.toml
  pydantic_core-2.23.4.dist-info
  Checking for Rust toolchain....
  Running `maturin pep517 write-dist-info --metadata-directory /tmp/pip-modern-metadata-fwjyiyxe --interpreter /home/suryansh/queuelock/venv/bin/python3`
  Preparing metadata (pyproject.toml): finished with status 'done'
Collecting typing-extensions>=4.12.2 (from pydantic==2.9.2)
  Obtaining dependency information for typing-extensions>=4.12.2 from https://files.pythonhosted.org/packages/49/d3/b8441a820a491ddfc024b0b0cf0393375b75ea13866d9c66727e54c2fc80/typing_extensions-4.16.0-py3-none-any.whl.metadata
  Using cached typing_extensions-4.16.0-py3-none-any.whl.metadata (3.3 kB)
Using cached pydantic-2.9.2-py3-none-any.whl (434 kB)
Using cached annotated_types-0.7.0-py3-none-any.whl (13 kB)
Using cached typing_extensions-4.16.0-py3-none-any.whl (45 kB)
Building wheels for collected packages: pydantic-core
  Building wheel for pydantic-core (pyproject.toml): started
  Running command Building wheel for pydantic-core (pyproject.toml)
  Running `maturin pep517 build-wheel -i /home/suryansh/queuelock/venv/bin/python3 --compatibility off`
  📦 Including license file `LICENSE`
  🍹 Building a mixed python/rust project
  🐍 Found CPython 3.14 at /home/suryansh/queuelock/venv/bin/python3
  🔗 Found pyo3 bindings
  📡 Using build options features, bindings from pyproject.toml
     Compiling proc-macro2 v1.0.86
     Compiling unicode-ident v1.0.12
     Compiling target-lexicon v0.12.14
     Compiling python3-dll-a v0.2.10
     Compiling once_cell v1.19.0
     Compiling autocfg v1.3.0
     Compiling stable_deref_trait v1.2.0
     Compiling libc v0.2.155
     Compiling heck v0.5.0
     Compiling num-traits v0.2.19
     Compiling litemap v0.7.3
     Compiling quote v1.0.36
     Compiling pyo3-build-config v0.22.2
     Compiling writeable v0.5.5
     Compiling syn v2.0.68
     Compiling version_check v0.9.5
     Compiling rustversion v1.0.17
     Compiling memoffset v0.9.1
     Compiling icu_locid_transform_data v1.5.0
     Compiling static_assertions v1.1.0
     Compiling tinyvec_macros v0.1.1
     Compiling memchr v2.7.4
     Compiling pyo3-ffi v0.22.2
     Compiling pyo3-macros-backend v0.22.2
     Compiling cfg-if v1.0.0
  error: failed to run custom build command for `pyo3-ffi v0.22.2`

  Caused by:
    process didn't exit successfully: `/tmp/pip-install-0ysyl7b2/pydantic-core_5ad823ec09ec4167bcdd3f451580b418/target/release/build/pyo3-ffi-c8b862f21a6acc98/build-script-build` (exit status: 1)
    --- stdout
    cargo:rustc-check-cfg=cfg(Py_LIMITED_API)
    cargo:rustc-check-cfg=cfg(PyPy)
    cargo:rustc-check-cfg=cfg(GraalPy)
    cargo:rustc-check-cfg=cfg(py_sys_config, values("Py_DEBUG", "Py_REF_DEBUG", "Py_TRACE_REFS", "COUNT_ALLOCS"))
    cargo:rustc-check-cfg=cfg(invalid_from_utf8_lint)
    cargo:rustc-check-cfg=cfg(pyo3_disable_reference_pool)
    cargo:rustc-check-cfg=cfg(pyo3_leak_on_drop_without_reference_pool)
    cargo:rustc-check-cfg=cfg(diagnostic_namespace)
    cargo:rustc-check-cfg=cfg(c_str_lit)
    cargo:rustc-check-cfg=cfg(Py_3_7)
    cargo:rustc-check-cfg=cfg(Py_3_8)
    cargo:rustc-check-cfg=cfg(Py_3_9)
    cargo:rustc-check-cfg=cfg(Py_3_10)
    cargo:rustc-check-cfg=cfg(Py_3_11)
    cargo:rustc-check-cfg=cfg(Py_3_12)
    cargo:rustc-check-cfg=cfg(Py_3_13)
    cargo:rerun-if-env-changed=PYO3_CROSS
    cargo:rerun-if-env-changed=PYO3_CROSS_LIB_DIR
    cargo:rerun-if-env-changed=PYO3_CROSS_PYTHON_VERSION
    cargo:rerun-if-env-changed=PYO3_CROSS_PYTHON_IMPLEMENTATION
    cargo:rerun-if-env-changed=PYO3_PRINT_CONFIG
    cargo:rerun-if-env-changed=PYO3_USE_ABI3_FORWARD_COMPATIBILITY

    --- stderr
    error: the configured Python interpreter version (3.14) is newer than PyO3's maximum supported version (3.13)
    = help: please check if an updated version of PyO3 is available. Current version: 0.22.2
    = help: set PYO3_USE_ABI3_FORWARD_COMPATIBILITY=1 to suppress this check and build anyway using the stable ABI
  warning: build failed, waiting for other jobs to finish...
  💥 maturin failed
    Caused by: Failed to build a native library through cargo
    Caused by: Cargo build finished with "exit status: 101": `env -u CARGO PYO3_BUILD_EXTENSION_MODULE="1" PYO3_ENVIRONMENT_SIGNATURE="cpython-3.14-64bit" PYO3_PYTHON="/home/suryansh/queuelock/venv/bin/python3" PYTHON_SYS_EXECUTABLE="/home/suryansh/queuelock/venv/bin/python3" "cargo" "rustc" "--profile" "release" "--features" "pyo3/extension-module" "--message-format" "json-render-diagnostics" "--manifest-path" "/tmp/pip-install-0ysyl7b2/pydantic-core_5ad823ec09ec4167bcdd3f451580b418/Cargo.toml" "--lib" "--crate-type" "cdylib"`
  Error: command ['maturin', 'pep517', 'build-wheel', '-i', '/home/suryansh/queuelock/venv/bin/python3', '--compatibility', 'off'] returned non-zero exit status 1
  error: subprocess-exited-with-error
  
  × Building wheel for pydantic-core (pyproject.toml) did not run successfully.
  │ exit code: 1
  ╰─> No available output.
  
  note: This error originates from a subprocess, and is likely not a problem with pip.
  full command: /home/suryansh/queuelock/venv/bin/python3 /home/suryansh/queuelock/venv/lib/python3.14/site-packages/pip/_vendor/pyproject_hooks/_in_process/_in_process.py build_wheel /tmp/tmpxe53_wm9
  cwd: /tmp/pip-install-0ysyl7b2/pydantic-core_5ad823ec09ec4167bcdd3f451580b418
  Building wheel for pydantic-core (pyproject.toml): finished with status 'error'
  ERROR: Failed building wheel for pydantic-core
Failed to build pydantic-core
error: failed-wheel-build-for-install

× Failed to build installable wheels for some pyproject.toml based projects
╰─> pydantic-core
